2025-02-04 13:41:12 - Starting CloudWatch cost analysis
2025-02-04 13:41:12 - Fetching CloudWatch metrics cost...
2025-02-04 13:41:14 - Fetching CloudWatch log groups cost...
2025-02-04 13:41:16 - Fetching CloudWatch alarms cost...
2025-02-04 13:41:17 - Fetching CloudWatch data transfer cost...
2025-02-04 13:41:19 - CloudWatch Cost Analysis Complete: Total Cost: 10.81
2025-02-04 13:41:19 - CloudWatch cost report saved to cloudwatch_cost_report.csv
2025-02-04 13:56:25 - Fetchi2025-02-04 13:37:40 - Starting CloudWatch cost analysis
2025-02-04 13:37:40 - Fetching CloudWatch metrics cost...
2025-02-04 13:37:42 - Fetching CloudWatch log groups cost...
2025-02-04 13:37:44 - Fetching CloudWatch alarms cost...
2025-02-04 13:37:45 - Fetching CloudWatch data transfer cost...
2025-02-04 13:37:46 - ERROR: Failed to retrieve data transfer metrics
2025-02-04 13:37:46 - Command failed: aws cloudwatch get-metric-statistics NetworkOut
2025-02-04 13:37:46 - CloudWatch Cost Analysis Complete: Total Cost: 
2025-02-04 13:37:46 - CloudWatch cost report saved to cloudwatch_cost_report.csv
ng CloudWatch resources and metrics...
2025-02-04 13:56:27 - ERROR: Failed to retrieve CloudWatch metrics list
2025-02-04 13:56:27 - Command failed: aws cloudwatch list-metrics
2025-02-04 14:00:38 - Fetching CloudWatch resources and metrics...
2025-02-04 14:00:40 - ERROR: Failed to retrieve CloudWatch metrics list
2025-02-04 14:00:40 - Command failed: aws cloudwatch list-metrics
2025-02-04 15:42:59 - Fetching CloudWatch resources and metrics...
2025-02-04 15:43:35 - Fetching CloudWatch Alarms...
2025-02-04 15:43:37 - Fetching CloudWatch Dashboards...
2025-02-04 15:43:38 - Fetching CloudWatch Log Groups...
2025-02-04 15:43:40 - CloudWatch Cost Estimation - Total Cost: 0
2025-02-04 15:43:40 - HTML report generated at cloudwatch_cost_report.html.
2025-02-04 15:45:30 - Fetching CloudWatch resources and metrics...
2025-02-04 15:46:07 - Fetching CloudWatch Alarms...
2025-02-04 15:46:11 - Fetching CloudWatch Dashboards...
2025-02-04 15:46:12 - Fetching CloudWatch Log Groups...
2025-02-04 15:46:13 - CloudWatch Cost Estimation - Total Cost: 0
2025-02-04 15:46:13 - HTML report generated at cloudwatch_cost_report.html.
